coverage run -m unittest -q test.test_utils.TestUtil.test_str_to_int
======================================================================
ERROR: test_str_to_int (test.test_utils.TestUtil)
----------------------------------------------------------------------
Traceback (most recent call last):
  File "/home/user/BugsInPy/temp/projects/youtube-dl/test/test_utils.py", line 502, in test_str_to_int
    self.assertEqual(str_to_int(523), 523)
  File "/home/user/BugsInPy/temp/projects/youtube-dl/youtube_dl/utils.py", line 3524, in str_to_int
    int_str = re.sub(r'[,\.\+]', '', int_str)
  File "/opt/conda/lib/python3.10/re.py", line 209, in sub
    return _compile(pattern, flags).sub(repl, string, count)
TypeError: expected string or bytes-like object

----------------------------------------------------------------------
Ran 1 test in 0.001s

FAILED (errors=1)
