coverage run -m unittest -q test.test_utils.TestUtil.test_parse_dfxp_time_expr
/home/user/BugsInPy/temp/projects/youtube-dl/youtube_dl/extractor/douyutv.py:69: SyntaxWarning: "is not" with a literal. Did you mean "!="?
  if error_code is not 0:
======================================================================
FAIL: test_parse_dfxp_time_expr (test.test_utils.TestUtil)
----------------------------------------------------------------------
Traceback (most recent call last):
  File "/home/user/BugsInPy/temp/projects/youtube-dl/test/test_utils.py", line 670, in test_parse_dfxp_time_expr
    self.assertEqual(parse_dfxp_time_expr('00:00:01:100'), 1.1)
AssertionError: None != 1.1

----------------------------------------------------------------------
Ran 1 test in 0.001s

FAILED (failures=1)
