coverage run -m unittest -q test.test_utils.TestUtil.test_url_basename
======================================================================
FAIL: test_url_basename (test.test_utils.TestUtil)
----------------------------------------------------------------------
Traceback (most recent call last):
  File "/home/user/BugsInPy/temp/projects/youtube-dl/test/test_utils.py", line 191, in test_url_basename
    self.assertEqual(
AssertionError: '' != 'trailer.mp4'
+ trailer.mp4

----------------------------------------------------------------------
Ran 1 test in 0.001s

FAILED (failures=1)
