coverage run -m unittest -q test.test_utils.TestUtil.test_unescape_html
/home/user/BugsInPy/temp/projects/youtube-dl/youtube_dl/extractor/pandatv.py:39: SyntaxWarning: "is not" with a literal. Did you mean "!="?
  if error_code is not 0:
======================================================================
FAIL: test_unescape_html (test.test_utils.TestUtil)
----------------------------------------------------------------------
Traceback (most recent call last):
  File "/home/user/BugsInPy/temp/projects/youtube-dl/test/test_utils.py", line 282, in test_unescape_html
    self.assertEqual(unescapeHTML('&a&quot;'), '&a"')
AssertionError: '&a&quot;' != '&a"'
- &a&quot;
+ &a"


----------------------------------------------------------------------
Ran 1 test in 0.001s

FAILED (failures=1)
