coverage run -m unittest -q test.test_utils.TestUtil.test_unified_timestamps
/home/user/BugsInPy/temp/projects/youtube-dl/youtube_dl/extractor/douyutv.py:104: SyntaxWarning: "is not" with a literal. Did you mean "!="?
  if error_code is not 0:
======================================================================
ERROR: test_unified_timestamps (test.test_utils.TestUtil)
----------------------------------------------------------------------
Traceback (most recent call last):
  File "/home/user/BugsInPy/temp/projects/youtube-dl/test/test_utils.py", line 311, in test_unified_timestamps
    self.assertEqual(unified_timestamp('May 16, 2016 11:15 PM'), 1463440500)
  File "/home/user/BugsInPy/temp/projects/youtube-dl/youtube_dl/utils.py", line 1118, in unified_timestamp
    return calendar.timegm(timetuple.timetuple())
AttributeError: 'tuple' object has no attribute 'timetuple'

----------------------------------------------------------------------
Ran 1 test in 0.039s

FAILED (errors=1)
