coverage run -m unittest -q test.test_utils.TestUtil.test_parse_iso8601
======================================================================
ERROR: test_parse_iso8601 (test.test_utils.TestUtil)
----------------------------------------------------------------------
Traceback (most recent call last):
  File "/home/user/BugsInPy/temp/projects/youtube-dl/test/test_utils.py", line 292, in test_parse_iso8601
    self.assertEqual(parse_iso8601('2014-03-23T22:04:26.1234Z'), 1395612266)
  File "/home/user/BugsInPy/temp/projects/youtube-dl/youtube_dl/utils.py", line 942, in parse_iso8601
    dt = datetime.datetime.strptime(date_str, date_format) - timezone
  File "/opt/conda/lib/python3.10/_strptime.py", line 568, in _strptime_datetime
    tt, fraction, gmtoff_fraction = _strptime(data_string, format)
  File "/opt/conda/lib/python3.10/_strptime.py", line 352, in _strptime
    raise ValueError("unconverted data remains: %s" %
ValueError: unconverted data remains: .1234

----------------------------------------------------------------------
Ran 1 test in 0.003s

FAILED (errors=1)
