coverage run -m unittest -q test.test_utils.TestUtil.test_js_to_json_realworld
======================================================================
ERROR: test_js_to_json_realworld (test.test_utils.TestUtil)
----------------------------------------------------------------------
Traceback (most recent call last):
  File "/home/user/BugsInPy/temp/projects/youtube-dl/test/test_utils.py", line 375, in test_js_to_json_realworld
    self.assertEqual(json.loads(json_code), json.loads(inp))
  File "/opt/conda/lib/python3.10/json/__init__.py", line 346, in loads
    return _default_decoder.decode(s)
  File "/opt/conda/lib/python3.10/json/decoder.py", line 340, in decode
    raise JSONDecodeError("Extra data", s, end)
json.decoder.JSONDecodeError: Extra data: line 1 column 3 (char 2)

----------------------------------------------------------------------
Ran 1 test in 101.292s

FAILED (errors=1)
