coverage run -m unittest -q test.test_utils.TestUtil.test_parse_dfxp_time_expr
/home/user/BugsInPy/temp/projects/youtube-dl/youtube_dl/extractor/douyutv.py:69: SyntaxWarning: "is not" with a literal. Did you mean "!="?
  if error_code is not 0:
======================================================================
FAIL: test_parse_dfxp_time_expr (test.test_utils.TestUtil)
----------------------------------------------------------------------
Traceback (most recent call last):
  File "/home/user/BugsInPy/temp/projects/youtube-dl/test/test_utils.py", line 664, in test_parse_dfxp_time_expr
    self.assertEqual(parse_dfxp_time_expr(None), None)
AssertionError: 0.0 != None

----------------------------------------------------------------------
Ran 1 test in 0.000s

FAILED (failures=1)
